2026-02-16 18:25:28 [Information] Microsoft.Extensions.Logging.ILogger Starting Power Position Service - Interval: 5min, Output: ./output, Logs: ./logs
2026-02-16 18:25:28 [Information] WorkerService.Worker [Worker] Power Position Extraction Worker starting...
2026-02-16 18:25:28 [Information] WorkerService.Worker [Worker] Configuration - Interval: 5 minutes, Output: ./output, Logs: ./logs
2026-02-16 18:25:28 [Information] Microsoft.Hosting.Lifetime Application started. Press Ctrl+C to shut down.
2026-02-16 18:25:28 [Information] WorkerService.Worker [Worker] [2026-02-16 18:25:28] Starting extraction cycle
2026-02-16 18:25:28 [Information] Microsoft.Hosting.Lifetime Hosting environment: "Development"
2026-02-16 18:25:28 [Information] Microsoft.Hosting.Lifetime Content root path: "/Users/sonalimhatre/Documents/PowerPositionReporter/WorkerService"
2026-02-16 18:25:28 [Information] WorkerService.Services.PowerTradeProcessor [PowerTradeProcessor] Starting trade processing for 2026-02-16
2026-02-16 18:25:31 [Information] WorkerService.Services.PowerTradeProcessor [PowerTradeProcessor] Retrieved 11 trades
2026-02-16 18:25:31 [Information] WorkerService.Services.PowerTradeProcessor [PowerTradeProcessor] Trade IDs: 5b989272-fe1d-4a3c-b377-91191049eda8, 9be1da54-e5c3-4ff9-9483-821100e44277, 25cd9eb4-fe6b-49f0-a100-6d96c95b2376, 267bed25-5683-431a-83f3-cf9ed271e1af, a627dea4-f9fe-401c-b958-adad4da971d6, 73b160ca-c668-466f-9b54-ec78e5c46e75, eb00372d-6ba6-4f61-ab51-83a105739a5d, 3c8f16c2-fe77-43aa-b926-6a79d52e491f, e1194ffb-8db6-4f95-9b26-c78919ccbe11, a291f5b7-a2c1-46c3-b0af-7166ddbf0311, 6cfbc77c-b0a5-43b5-86dc-90a7feba274d
2026-02-16 18:25:31 [Information] WorkerService.Services.PowerTradeProcessor [PowerTradeProcessor] Aggregation complete: 24 hourly buckets with total volume 125187.67951941965
2026-02-16 18:25:31 [Information] WorkerService.Services.CsvExportService [CsvExportService] Starting CSV export with 24 hourly entries
2026-02-16 18:25:31 [Information] WorkerService.Services.CsvExportService [CsvExportService] CSV successfully exported to: ./output/PowerPosition_20260216_1725.csv (25 lines)
2026-02-16 18:25:31 [Information] WorkerService.Worker [Worker] [2026-02-16 18:25:28] Extraction cycle completed successfully
2026-02-16 18:25:31 [Information] WorkerService.Worker [Worker] Extractions scheduled every 5 minutes
2026-02-16 18:31:42 [Information] WorkerService.Worker [Worker] [2026-02-16 18:31:42] Starting extraction cycle
2026-02-16 18:31:42 [Information] WorkerService.Services.PowerTradeProcessor [PowerTradeProcessor] Starting trade processing for 2026-02-16
2026-02-16 18:31:46 [Information] WorkerService.Services.PowerTradeProcessor [PowerTradeProcessor] Retrieved 17 trades
2026-02-16 18:31:46 [Information] WorkerService.Services.PowerTradeProcessor [PowerTradeProcessor] Trade IDs: cd989218-4751-4fe3-9d7d-441f9e1218dd, dbce39f6-9e88-4ffd-bfd0-55fa3c91d4cb, 129f4801-95e3-4955-a705-a556143cffea, f4439020-0c5d-416a-a14d-d07e1d13d818, 3591765e-3972-4e4f-82e3-4af55214a423, e186ec8e-e222-4cc4-8f0a-b753484d265a, bcf672f2-ce13-4261-b37f-e08d9f17c2f2, 67b98c97-af5f-4955-9f6d-fd8820bdf792, 9db53b43-2662-4484-8f59-f50879756ed6, 35d0c783-990c-4bfb-8015-20a1e4eeb274, e99a299b-d758-4f6d-84c1-a1f564034588, 00cf5263-85f2-48d8-affc-3e6f0390f333, 3c45482f-4e1e-4cff-ac83-a7c60df994d2, 439aa176-0d66-4186-8c0c-8555e2403f38, 058c5446-3b37-48cc-9402-5de9044c03b4, 655b74a9-127e-49cd-9462-453a17363dfc, bddaa571-a77d-4daf-8b01-3100ae6688ad
2026-02-16 18:31:46 [Information] WorkerService.Services.PowerTradeProcessor [PowerTradeProcessor] Aggregation complete: 24 hourly buckets with total volume 206800.6830022239
2026-02-16 18:31:46 [Information] WorkerService.Services.CsvExportService [CsvExportService] Starting CSV export with 24 hourly entries
2026-02-16 18:31:46 [Information] WorkerService.Services.CsvExportService [CsvExportService] CSV successfully exported to: ./output/PowerPosition_20260216_1731.csv (25 lines)
2026-02-16 18:31:46 [Information] WorkerService.Worker [Worker] [2026-02-16 18:31:42] Extraction cycle completed successfully
2026-02-16 18:36:42 [Information] WorkerService.Worker [Worker] [2026-02-16 18:36:42] Starting extraction cycle
2026-02-16 18:36:42 [Information] WorkerService.Services.PowerTradeProcessor [PowerTradeProcessor] Starting trade processing for 2026-02-16
2026-02-16 18:36:46 [Information] WorkerService.Services.PowerTradeProcessor [PowerTradeProcessor] Retrieved 16 trades
2026-02-16 18:36:46 [Information] WorkerService.Services.PowerTradeProcessor [PowerTradeProcessor] Trade IDs: 4dc53bfb-bcd0-4618-9747-53a19092f4bb, 214611a0-871f-483b-a38b-e25d89020927, 34447bf8-0c7d-4f09-96c3-e7313d79b3a8, 649fc259-3a1f-4e06-9513-0d5f1be73d2e, 465de554-20c4-4261-9b33-e6696d19c532, fe66b68c-4531-478f-a340-2e6640483709, 770324ef-f088-4b35-ae42-adfa19fdbd90, cf1168fa-884f-4366-882f-22490fe3eb04, c5bb3487-355e-48c6-867c-9600020e9d1e, 3b3455d7-1144-468f-bed2-e557e3838230, f3fe9668-046e-40b3-89a1-b455f9233031, b48bc6ac-5770-4565-82c7-50da8f16dd33, 2a6cc387-d9a0-4f3f-bade-102399dd1de3, d467ba5c-f7f6-413c-8e31-4251d6121555, e7fb8b74-618a-436d-8e9f-1131d6867068, 4d46bd03-f59c-4b30-ab5b-5fa119bbbd86
2026-02-16 18:36:46 [Information] WorkerService.Services.PowerTradeProcessor [PowerTradeProcessor] Aggregation complete: 24 hourly buckets with total volume 191629.93582900602
2026-02-16 18:36:46 [Information] WorkerService.Services.CsvExportService [CsvExportService] Starting CSV export with 24 hourly entries
2026-02-16 18:36:46 [Information] WorkerService.Services.CsvExportService [CsvExportService] CSV successfully exported to: ./output/PowerPosition_20260216_1736.csv (25 lines)
2026-02-16 18:36:46 [Information] WorkerService.Worker [Worker] [2026-02-16 18:36:42] Extraction cycle completed successfully
2026-02-16 18:37:24 [Information] Microsoft.Hosting.Lifetime Application is shutting down...
2026-02-16 18:37:24 [Information] WorkerService.Worker [Worker] Extraction Worker stopping...
2026-02-16 18:37:24 [Information] WorkerService.Worker [Worker] Extraction Worker stopping (cancellation requested)
